#
#
#
#
#
#    Don't try viewing this report without a plog-converter utility!!!
#
#    plog-converter -a GA:1,2 -t tasklist -o report.tasks /path/to/this/file.log
#
#    A link to the documentation: https://www.viva64.com/en/m/0036/
#
#
#
#
#
d99cf3ba-6fcd-43f9-9260-1179fa3a9bed
r-vUVbw<6y|D3 h22y|D3Xy|D3(L8Pu( au_a(=8ha'u(oaUfaU'ua(vu'*}Ly|D3uaa8ay|D3rViSy|D3,LucNvu'*Nc'2U==c-Pk2uPu>o=cUc'8kfc'8>=oah'o8aEc9hoc2U's=coLuc'8kfcU==-j>Pu>oc8kuaUo8a}c1oc-=c_U>jua8h=co8ch=uc=h'LcUc'2U==}y|D3 U2=uy|D3*y|D3y|D3'2U==cvu'*y|D3dy|D3y|D3
r-vUVbw<6y|D3 h22y|D3X[y|D3(L8Pu( au_a(=8ha'u(oaUfaU'ua(vu'*}Ly|D3uaa8ay|D3r[[Sy|D3$>c8__ckau'-=uc'8PkUa-=8>%c2cmmcS}c1oN=cka89U92fc9uoouaco8ch=ucUc'8PkUa-=8>c]-oLc_u ->u_ckau'-=-8>%c U9=;$cwcO^cyc<k=-28>}y|D3 U2=uy|D3*y|D3cccc_8h92uc2cmc2u>;v^ny|D3cccc- c;2cmmcS^y|D3ccccccccauoha>cvu'*;SESES^ny|D3y|D3{4<wVXJ
r-vUVbw<6y|D3 h22y|D3iby|D3(L8Pu( au_a(=8ha'u(oaUfaU'ua(vu'*}Ly|D3uaa8ay|D3r[[Sy|D3$>c8__ckau'-=uc'8PkUa-=8>%c2u>;+coL-=^cmmcx}S}c1oN=cka89U92fc9uoouaco8ch=ucUc'8PkUa-=8>c]-oLc_u ->u_ckau'-=-8>%c U9=;$cwcO^cyc<k=-28>}y|D3 U2=uy|D3*y|D3dy|D3cccc- c;2u>;+oL-=^cmmcx}S^y|D3ccccdy|D3y|D3{4<wVXJ
r-vUVbw<6y|D3 h22y|D3xS[y|D3(L8Pu( au_a(=8ha'u(oaUfaU'ua(vu'*}Ly|D3uaa8ay|D3r[[Sy|D3$>c8__ckau'-=uc'8PkUa-=8>%c2u>;+coL-=^cmmcS}S}c1oN=cka89U92fc9uoouaco8ch=ucUc'8PkUa-=8>c]-oLc_u ->u_ckau'-=-8>%c U9=;$cwcO^cyc<k=-28>}y|D3 U2=uy|D3*y|D3dy|D3cccc- c;2u>;+oL-=^cmmcS}S^y|D3ccccdy|D3y|D3{4<wVXJ
r-vUVbw<6y|D3 h22y|D3x[Vy|D3(L8Pu( au_a(=8ha'u(oaUfaU'ua(PUob}Ly|D3uaa8ay|D3r[[Sy|D3$>c8__ckau'-=uc'8PkUa-=8>%c=cmmcS}S }c1oN=cka89U92fc9uoouaco8ch=ucUc'8PkUa-=8>c]-oLc_u ->u_ckau'-=-8>%c U9=;$cwcO^cyc<k=-28>}y|D3 U2=uy|D3*y|D3y|D3c- c;=cmmcS}S ^cy|D3ccauoha>cdxESESESESExESESESESExESESESESExBnc((c'U>>8oc->vua=uEcPUsuc-oc-_u>o-ofcPUoa-/y|D3y|D3{4<wVXJ
r-vUVbw<6y|D3 h22y|D3J*Gy|D3(L8Pu( au_a(=8ha'u(oaUfaU'ua(PUob}Ly|D3uaa8ay|D3r[[Sy|D3$>c8__ckau'-=uc'8PkUa-=8>%cU>j2ucmmcxXS}S }c1oN=cka89U92fc9uoouaco8ch=ucUc'8PkUa-=8>c]-oLc_u ->u_ckau'-=-8>%c U9=;$cwcO^cyc<k=-28>}y|D3 U2=uy|D3*y|D3y|D3c- c;U>j2ucmmcxXS}S ^dy|D3ccau=h2ocmc6\1ny|D3y|D3{4<wVXJ
r-vUVbw<6y|D3 h22y|D3JVby|D3(L8Pu( au_a(=8ha'u(oaUfaU'ua(PUob}Ly|D3uaa8ay|D3r[[Sy|D3$>c8__ckau'-=uc'8PkUa-=8>%cU>j2ucmmcxXS}S }c1oN=cka89U92fc9uoouaco8ch=ucUc'8PkUa-=8>c]-oLc_u ->u_ckau'-=-8>%c U9=;$cwcO^cyc<k=-28>}y|D3 U2=uy|D3*y|D3y|D3c- c;U>j2ucmmcxXS}S ^dy|D3ccau=h2ocmc6\1ny|D3y|D3{4<wVXJ
r-vUVbw<6y|D3 h22y|D3[VJy|D3(L8Pu( au_a(=8ha'u(oaUfaU'ua(u/o=(=o9(=o9K-PUjuK]a-ou}Ly|D3uaa8ay|D3r[JVy|D3,LucNPuP'PkNc h>'o-8>cauoha>=cSc- c'8aau=k8>_->jc9h  ua=cUaucu~hU2}c{8>=-_uacu/UP->->jcoLuc'8>_-o-8>c 8acP-=oUsu=}y|D3 U2=uy|D3*y|D3cccccccccccccccccc 8ac;scmc-ctcJncscyc/cZZc2u>cycxJXnctts^cdy|D3ccccccccccccccccccccc- c;PuP'Pk;kauvEca8]ctcsc+c'8PkEc'8Pk^^cdy|D3cccccccccccccccccccccccckauvctmc'8Pkny|D3y|D3
r-vUVbw<6y|D3 h22y|D3ixVy|D3(L8Pu( au_a(=8ha'u(oaUfaU'ua(u/o=(=o9(=o9K-PUjuK]a-ou}Ly|D3uaa8ay|D3rxSSby|D3,LucNL2-=oNck8->ouac]U=ch=u_ch>=U u2fcU ouac-oc]U=cvua- -u_cUjU->=oc>h22koa}c{Lu'sc2->u=%cixbEcixV}y|D3 U2=uy|D3*y|D3cccccc 8ac;5mSnc5cyc>nctt5^cdy|D3ccccccccc- c;L2-=o!5"w_UoUc3c-w*JGVX^cdc((c- cu>oafc2-u=c]-oL->c]->_8]y|D3cccccccccccc->oc_cmc=o9-]KK:2-9K'8h>oP;L2-=o!5"Ec_UoUt-Ec_UoUK2u>w-^ny|D3ixVEixby|D3{4<wbGV
r-vUVbw<6y|D3 h22y|D3xSXSy|D3(L8Pu( au_a(=8ha'u(oaUfaU'ua(u/o=(=o9(=o9K-PUjuK]a-ou}Ly|D3uaa8ay|D3rxS*Gy|D3,]8c8acP8auc'U=uw9aU>'Lu=ckua 8aPcoLuc=UPucU'o-8>=}c{Lu'sc2->u=%cxSXSEcxSXbEcxSX[y|D3 U2=uy|D3*y|D3cccccc=]-o'Lc;ofku^cdy|D3ccccccccc'U=ucx%c2->uK9h  ua!-"cmc:!-"nc9auUsny|D3ccccccccc'U=ucJ%c2->uK9h  ua!-"cmc:!-"cwc:!-w=-j>u_K=oa-_u"nc9auUsny|D3xSXSExSXbExSX[y|D3{4<wVix
r-vUVbw<6y|D3 h22y|D3x*bXy|D3(L8Pu( au_a(=8ha'u(oaUfaU'ua(u/o=(=o9(=o9K-PUjuK]a-ou}Ly|D3uaa8ay|D3rGXxy|D3,LucvU2huc8 coLucN-Nc->_u/c-=c'Lu'su_cU ouac-oc]U=ch=u_}c\uaLUk=coLuauc-=cUcP-=oUsuc->cka8jaUPc28j-'}y|D3 U2=uy|D3xy|D3cccccch>=-j>u_c=L8aoc9-o=!J"ny|D3cccccc 8ac;ncFg!-"mmScZZc-ymu>_Sk8=nctt-^cdy|D3ccccccBy|D3x*bXEx*bXy|D3
r-vUVbw<6y|D3 h22y|D3xSiy|D3(L8Pu( au_a(=8ha'u(oaUfaU'ua(PU->}''y|D3uaa8ay|D3rVXxy|D3,Luc2U>jhUjuc=oU>_Ua_c_8u=c>8oc_u ->ucU>c8a_uac->c]L-'LcoLucN >u/oNc h>'o-8>=c]-22c9uc'U22u_c_ha->jcuvU2hUo-8>c8 cUajhPu>o=}y|D3 U2=uy|D3Jy|D3ca>j}=uu_;=uu_^ny|D3cka->o ;R\CQHc=uu_u_c]-oLcY_Ec -a=oc8hokhocY Ec=u'8>_cY })>REc=uu_Eca>j} >u/o;^Eca>j} >u/o;^^ny|D3y|D3y|D3{4<wG[X
r-vUVbw<6y|D3 h22y|D3J*y|D3(L8Pu( au_a(=8ha'u(oaUfaU'ua(vu'*}Ly|D3uaa8ay|D3rG*Sy|D31oc-=ck8==-92ucoLUoc>8ocU22cPuP9ua=c8 cUc'2U==cUauc->-o-U2-:u_c->=-_ucoLuc'8>=oah'o8a}c{8>=-_uac->=ku'o->j%c/EcfEc:}y|D3 U2=uy|D3*y|D3y|D3ccccvu'*;=o_%%->-o-U2-:uaK2-=oy_8h92u3c'8>=oc-2^y|D3ccccdy|D3y|D3{4<wb[G
r-vUVbw<6y|D3 h22y|D3xGy|D3(L8Pu( au_a(=8ha'u(oaUfaU'ua(PU->}''y|D3uaa8ay|D3rxSS*y|D3,LucPU'a8cN_ujo8aU_Nc-=cUc_U>jua8h=cu/kau==-8>}c,Lucu/kau==-8>cPh=oc9uc=haa8h>_u_c9fckUau>oLu=u=}y|D3 U2=uy|D3*y|D3y|D3|_u ->uc_ujo8aU_;U>j2u^cU>j2uc+c6\1c(cxXSy|D3y|D3y|D3
r-vUVbw<6y|D3 h22y|D3XS[y|D3(L8Pu( au_a(=8ha'u(oaUfaU'ua(u/o=(=o9(=o9K-PUjuK]a-ou}Ly|D3uaa8ay|D3rxSS*y|D3,LucPU'a8cN=o9-]KK=9>uu_ja8]Nc-=cUc_U>jua8h=cu/kau==-8>}c,LuckUaUPuouacN>NcPh=oc9uc=haa8h>_u_c9fckUau>oLu=u=}y|D3 U2=uy|D3*y|D3y|D3|_u ->uc=o9-]KK=9>uu_ja8];UE>^cc;;U^mmScppc=o9-]KK=9>;U^t>c3mc=o9-]KK=9P;U^^y|D3|_u ->uc=o9-]KK=9PUf9uja8];UE>^c;=o9-]KK=9>uu_ja8];UE;>^^czc=o9-]KK=9ja8];UE>^c%cS^y|D3y|D3
r-vUVbw<6y|D3 h22y|D3iy|D3(L8Pu( au_a(=8ha'u(oaUfaU'ua(aUfoaU'ua}''y|D3uaa8ay|D3rG*Sy|D3Q8ocU22cPuP9ua=c8 cUc'2U==cUauc->-o-U2-:u_c->=-_ucoLuc'8>=oah'o8a}c{8>=-_uac->=ku'o->j%cv-u]Ec ah=ohP}y|D3 U2=uy|D3xy|D3+(y|D3CUfoaU'ua%%CUfoaU'ua;h>=-j>u_c]Ech>=-j>u_cLEc=o_%%vu'o8ay{828a3Zc aUPuOh  uaEch>=-j>u_cakkEch>=-j>u_c98h>'u=^c%y|D3c aUPuOh  ua; aUPuOh  ua^Ey|D3y|D3{4<wb[G
r-vUVbw<6y|D3 h22y|D3Jx[y|D3(L8Pu( au_a(=8ha'u(oaUfaU'ua(]->_8]}''y|D3uaa8ay|D3rVxby|D3g>->-o-U2-:u_cvUa-U92ucNh>h=u_1_=Nch=u_}c{8>=-_uac'Lu's->jcoLuc - oLcU'ohU2cUajhPu>oc8 coLucNKKj2u]Fu9hj6u==Uju{8>oa82Nc h>'o-8>}y|D3 U2=uy|D3xy|D3ccH@h->och>h=u_1_=ny|D3ccj2Fu9hj6u==Uju{8>oa82;H@KF?Q,K{$C<EcH@KF?Q,K{$C<EcH@KF?Q,K{$C<EcSEcZh>h=u_1_=Ecoahu^ny|D3y|D3y|D3{4<wb[G
r-vUVbw<6y|D3 h22y|D3xXXy|D3(L8Pu( au_a(=8ha'u(oaUfaU'ua(]->_8]}''y|D3uaa8ay|D3r[J[y|D3,Luc'8_uc'8>oU->=coLuc'822u'o-8>c8 c=-P-2Uac928's=}c{Lu'sc-ouP=cNXNEcNXNEcNXNEcNxNc->c2->u=cxXXEcxXiEcxiSEcxix}y|D3 U2=uy|D3*y|D3cj2<>U92u;H@KF<OgHK?g,\g,K.eQ{IC?Q?g.^ny|D3cj2 ]4->_8]I->o;H@T4KC<FKO1,.EcX^ny|D3cj2 ]4->_8]I->o;H@T4KHC<<QKO1,.EcX^ny|D3xXXExXiExiSExixy|D3{4<wVXJ
r-vUVbw<6y|D3 h22y|D3V*y|D3(L8Pu( au_a(=8ha'u(oaUfaU'ua(]->_8]}''y|D3uaa8ay|D3rG*Sy|D3Q8ocU22cPuP9ua=c8 cUc'2U==cUauc->-o-U2-:u_c->=-_ucoLuc'8>=oah'o8a}c{8>=-_uac->=ku'o->j%c aUPu{8kfEcou/ohau}y|D3 U2=uy|D3xy|D3+(y|D34->_8]%%4->_8];^c%y|D3c]->_8];>h22koa^Ey|D3y|D3{4<wb[G
