#
#
#
#
#
#    Don't try viewing this report without a plog-converter utility!!!
#
#    plog-converter -a GA:1,2 -t tasklist -o report.tasks /path/to/this/file.log
#
#    A link to the documentation: https://www.viva64.com/en/m/0036/
#
#
#
#
#
d99cf3ba-6fcd-43f9-9260-1179fa3a9bed
r-vUVbw<6y|D3 h22y|D3Xy|D3(L8Pu( au_a(=8ha'u(oaUfaU'ua(vu'*}Ly|D3uaa8ay|D3rViSy|D3,LucNvu'*Nc'2U==c-Pk2uPu>o=cUc'8kfc'8>=oah'o8aEc9hoc2U's=coLuc'8kfcU==-j>Pu>oc8kuaUo8a}c1oc-=c_U>jua8h=co8ch=uc=h'LcUc'2U==}y|D3 U2=uy|D3*y|D3y|D3'2U==cvu'*y|D3dy|D3y|D3
r-vUVbw<6y|D3 h22y|D3X[y|D3(L8Pu( au_a(=8ha'u(oaUfaU'ua(vu'*}Ly|D3uaa8ay|D3r[[Sy|D3$>c8__ckau'-=uc'8PkUa-=8>%c2cmmcS}c1oN=cka89U92fc9uoouaco8ch=ucUc'8PkUa-=8>c]-oLc_u ->u_ckau'-=-8>%c U9=;$cwcO^cyc<k=-28>}y|D3 U2=uy|D3*y|D3cccc_8h92uc2cmc2u>;v^ny|D3cccc- c;2cmmcS^y|D3ccccccccauoha>cvu'*;SESES^ny|D3y|D3{4<wVXJ
r-vUVbw<6y|D3 h22y|D3iby|D3(L8Pu( au_a(=8ha'u(oaUfaU'ua(vu'*}Ly|D3uaa8ay|D3r[[Sy|D3$>c8__ckau'-=uc'8PkUa-=8>%c2u>;+coL-=^cmmcx}S}c1oN=cka89U92fc9uoouaco8ch=ucUc'8PkUa-=8>c]-oLc_u ->u_ckau'-=-8>%c U9=;$cwcO^cyc<k=-28>}y|D3 U2=uy|D3*y|D3dy|D3cccc- c;2u>;+oL-=^cmmcx}S^y|D3ccccdy|D3y|D3{4<wVXJ
r-vUVbw<6y|D3 h22y|D3xS[y|D3(L8Pu( au_a(=8ha'u(oaUfaU'ua(vu'*}Ly|D3uaa8ay|D3r[[Sy|D3$>c8__ckau'-=uc'8PkUa-=8>%c2u>;+coL-=^cmmcS}S}c1oN=cka89U92fc9uoouaco8ch=ucUc'8PkUa-=8>c]-oLc_u ->u_ckau'-=-8>%c U9=;$cwcO^cyc<k=-28>}y|D3 U2=uy|D3*y|D3dy|D3cccc- c;2u>;+oL-=^cmmcS}S^y|D3ccccdy|D3y|D3{4<wVXJ
r-vUVbw<6y|D3 h22y|D3xVSy|D3(L8Pu( au_a(=8ha'u(oaUfaU'ua(PUob}Ly|D3uaa8ay|D3r[[Sy|D3$>c8__ckau'-=uc'8PkUa-=8>%c=cmmcS}S }c1oN=cka89U92fc9uoouaco8ch=ucUc'8PkUa-=8>c]-oLc_u ->u_ckau'-=-8>%c U9=;$cwcO^cyc<k=-28>}y|D3 U2=uy|D3*y|D3y|D3c- c;=cmmcS}S ^cy|D3ccauoha>c-_u>o-of;^ncc((c'U>>8oc->vua=uEcPUsuc-oc-_u>o-ofcPUoa-/y|D3y|D3{4<wVXJ
r-vUVbw<6y|D3 h22y|D3Jbxy|D3(L8Pu( au_a(=8ha'u(oaUfaU'ua(PUob}Ly|D3uaa8ay|D3r[[Sy|D3$>c8__ckau'-=uc'8PkUa-=8>%cU>j2ucmmcxXS}S }c1oN=cka89U92fc9uoouaco8ch=ucUc'8PkUa-=8>c]-oLc_u ->u_ckau'-=-8>%c U9=;$cwcO^cyc<k=-28>}y|D3 U2=uy|D3*y|D3y|D3c- c;U>j2ucmmcxXS}S ^dy|D3ccau=h2ocmc6\1ny|D3y|D3{4<wVXJ
r-vUVbw<6y|D3 h22y|D3JVXy|D3(L8Pu( au_a(=8ha'u(oaUfaU'ua(PUob}Ly|D3uaa8ay|D3r[[Sy|D3$>c8__ckau'-=uc'8PkUa-=8>%cU>j2ucmmcxXS}S }c1oN=cka89U92fc9uoouaco8ch=ucUc'8PkUa-=8>c]-oLc_u ->u_ckau'-=-8>%c U9=;$cwcO^cyc<k=-28>}y|D3 U2=uy|D3*y|D3y|D3c- c;U>j2ucmmcxXS}S ^dy|D3ccau=h2ocmc6\1ny|D3y|D3{4<wVXJ
r-vUVbw<6y|D3 h22y|D3J*y|D3(L8Pu( au_a(=8ha'u(oaUfaU'ua(vu'*}Ly|D3uaa8ay|D3rG*Sy|D31oc-=ck8==-92ucoLUoc>8ocU22cPuP9ua=c8 cUc'2U==cUauc->-o-U2-:u_c->=-_ucoLuc'8>=oah'o8a}c{8>=-_uac->=ku'o->j%c/EcfEc:}y|D3 U2=uy|D3*y|D3y|D3ccccvu'*;=o_%%->-o-U2-:uaK2-=oy_8h92u3c'8>=oc-2^y|D3ccccdy|D3y|D3{4<wb[G
r-vUVbw<6y|D3 h22y|D3xGy|D3(L8Pu( au_a(=8ha'u(oaUfaU'ua(PU->}''y|D3uaa8ay|D3rxSS*y|D3,LucPU'a8cN_ujo8aU_Nc-=cUc_U>jua8h=cu/kau==-8>}c,Lucu/kau==-8>cPh=oc9uc=haa8h>_u_c9fckUau>oLu=u=}y|D3 U2=uy|D3*y|D3y|D3|_u ->uc_ujo8aU_;U>j2u^cU>j2uc+c6\1c(cxXSy|D3y|D3y|D3
r-vUVbw<6y|D3 h22y|D3xiSy|D3(L8Pu( au_a(=8ha'u(oaUfaU'ua(]->_8]}''y|D3uaa8ay|D3r[J[y|D3,Luc'8_uc'8>oU->=coLuc'822u'o-8>c8 c=-P-2Uac928's=}c{Lu'sc-ouP=cNXNEcNXNEcNXNEcNxNc->c2->u=cxiSEcxixEcxiJEcxi*}y|D3 U2=uy|D3*y|D3cj2<>U92u;H@KF<OgHK?g,\g,K.eQ{IC?Q?g.^ny|D3cj2 ]4->_8]I->o;H@T4KC<FKO1,.EcX^ny|D3cj2 ]4->_8]I->o;H@T4KHC<<QKO1,.EcX^ny|D3xiSExixExiJExi*y|D3{4<wVXJ
